Started GET "/__vite_ping" for ::1 at 2022-04-29 14:52:24 +0300
  [1m[35m (2.0ms)[0m  [1m[34mSELECT sqlite_version(*)[0m
  
ActionController::RoutingError (No route matches [GET] "/__vite_ping"):
  
Started GET "/" for ::1 at 2022-04-29 14:52:24 +0300
Processing by Rails::WelcomeController#index as HTML
  Rendering /Users/kalyohyn/.rvm/gems/ruby-2.7.0/gems/railties-7.0.2.4/lib/rails/templates/rails/welcome/index.html.erb
  Rendered /Users/kalyohyn/.rvm/gems/ruby-2.7.0/gems/railties-7.0.2.4/lib/rails/templates/rails/welcome/index.html.erb (Duration: 1.7ms | Allocations: 377)
Completed 200 OK in 13ms (Views: 3.7ms | ActiveRecord: 0.0ms | Allocations: 3801)


Started GET "/" for ::1 at 2022-04-29 14:52:33 +0300
Processing by Rails::WelcomeController#index as HTML
  Rendering /Users/kalyohyn/.rvm/gems/ruby-2.7.0/gems/railties-7.0.2.4/lib/rails/templates/rails/welcome/index.html.erb
  Rendered /Users/kalyohyn/.rvm/gems/ruby-2.7.0/gems/railties-7.0.2.4/lib/rails/templates/rails/welcome/index.html.erb (Duration: 1.5ms | Allocations: 369)
Completed 200 OK in 4ms (Views: 2.7ms | ActiveRecord: 0.0ms | Allocations: 1131)


  [1m[35m (1.2ms)[0m  [1m[34mSELECT sqlite_version(*)[0m
  [1m[35m (1.0ms)[0m  [1m[35mCREATE TABLE "schema_migrations" ("version" varchar NOT NULL PRIMARY KEY)[0m
  [1m[35m (1.1ms)[0m  [1m[35mCREATE TABLE "ar_internal_metadata" ("key" varchar NOT NULL PRIMARY KEY, "value" varchar, "created_at" datetime(6) NOT NULL, "updated_at" datetime(6) NOT NULL)[0m
  [1m[36mActiveRecord::SchemaMigration Pluck (0.1ms)[0m  [1m[34mSELECT "schema_migrations"."version" FROM "schema_migrations" ORDER BY "schema_migrations"."version" ASC[0m
Migrating to CreateArticles (20220429115546)
  [1m[36mTRANSACTION (0.1ms)[0m  [1m[36mbegin transaction[0m
  [1m[35m (0.5ms)[0m  [1m[35mCREATE TABLE "articles" ("id" integer PRIMARY KEY AUTOINCREMENT NOT NULL, "title" varchar, "body" text, "created_at" datetime(6) NOT NULL, "updated_at" datetime(6) NOT NULL)[0m
  [1m[36mActiveRecord::SchemaMigration Create (0.2ms)[0m  [1m[32mINSERT INTO "schema_migrations" ("version") VALUES (?)[0m  [["version", "20220429115546"]]
  [1m[36mTRANSACTION (0.9ms)[0m  [1m[36mcommit transaction[0m
  [1m[36mActiveRecord::InternalMetadata Load (0.2ms)[0m  [1m[34mSELECT "ar_internal_metadata".* FROM "ar_internal_metadata" WHERE "ar_internal_metadata"."key" = ? LIMIT ?[0m  [["key", "environment"], ["LIMIT", 1]]
  [1m[36mTRANSACTION (0.1ms)[0m  [1m[36mbegin transaction[0m
  [1m[36mActiveRecord::InternalMetadata Create (0.4ms)[0m  [1m[32mINSERT INTO "ar_internal_metadata" ("key", "value", "created_at", "updated_at") VALUES (?, ?, ?, ?)[0m  [["key", "environment"], ["value", "development"], ["created_at", "2022-04-29 11:56:21.264133"], ["updated_at", "2022-04-29 11:56:21.264133"]]
  [1m[36mTRANSACTION (0.7ms)[0m  [1m[36mcommit transaction[0m
  [1m[35m (0.1ms)[0m  [1m[34mSELECT sqlite_version(*)[0m
  [1m[36mActiveRecord::SchemaMigration Pluck (0.2ms)[0m  [1m[34mSELECT "schema_migrations"."version" FROM "schema_migrations" ORDER BY "schema_migrations"."version" ASC[0m
Started GET "/" for ::1 at 2022-04-29 14:57:30 +0300
  [1m[35m (0.1ms)[0m  [1m[34mSELECT sqlite_version(*)[0m
  [1m[36mActiveRecord::SchemaMigration Pluck (0.1ms)[0m  [1m[34mSELECT "schema_migrations"."version" FROM "schema_migrations" ORDER BY "schema_migrations"."version" ASC[0m
Processing by ArticlesController#index as HTML
  Rendering layout layouts/application.html.erb
  Rendering articles/index.html.erb within layouts/application
  [1m[36mArticle Load (0.1ms)[0m  [1m[34mSELECT "articles".* FROM "articles"[0m
  ↳ app/views/articles/index.html.erb:4
  Rendered articles/index.html.erb within layouts/application (Duration: 1.6ms | Allocations: 709)
  Rendered layout layouts/application.html.erb (Duration: 766.9ms | Allocations: 101333)
Completed 200 OK in 772ms (Views: 768.5ms | ActiveRecord: 0.1ms | Allocations: 102719)


Started GET "/" for ::1 at 2022-04-29 15:01:33 +0300
Processing by ArticlesController#index as HTML
  Rendering layout layouts/application.html.erb
  Rendering articles/index.html.erb within layouts/application
  [1m[35m (0.1ms)[0m  [1m[34mSELECT sqlite_version(*)[0m
  ↳ app/views/articles/index.html.erb:4
  [1m[36mArticle Load (0.1ms)[0m  [1m[34mSELECT "articles".* FROM "articles"[0m
  ↳ app/views/articles/index.html.erb:4
  Rendered articles/index.html.erb within layouts/application (Duration: 2.3ms | Allocations: 1270)
  Rendered layout layouts/application.html.erb (Duration: 24.4ms | Allocations: 15731)
Completed 200 OK in 30ms (Views: 26.5ms | ActiveRecord: 0.3ms | Allocations: 17017)


Started GET "/" for ::1 at 2022-04-29 15:03:49 +0300
Processing by ArticlesController#index as HTML
  Rendering layout layouts/application.html.erb
  Rendering articles/index.html.erb within layouts/application
  [1m[35m (0.1ms)[0m  [1m[34mSELECT sqlite_version(*)[0m
  ↳ app/views/articles/index.html.erb:4
  [1m[36mArticle Load (0.1ms)[0m  [1m[34mSELECT "articles".* FROM "articles"[0m
  ↳ app/views/articles/index.html.erb:4
  Rendered articles/index.html.erb within layouts/application (Duration: 3.2ms | Allocations: 1339)
  Rendered layout layouts/application.html.erb (Duration: 15.4ms | Allocations: 15794)
Completed 200 OK in 19ms (Views: 16.8ms | ActiveRecord: 0.4ms | Allocations: 17255)


Started GET "/articles/new" for ::1 at 2022-04-29 15:03:51 +0300
Processing by ArticlesController#new as HTML
  Rendering layout layouts/application.html.erb
  Rendering articles/new.html.erb within layouts/application
  Rendered articles/new.html.erb within layouts/application (Duration: 20.5ms | Allocations: 4850)
  Rendered layout layouts/application.html.erb (Duration: 23.3ms | Allocations: 7094)
Completed 200 OK in 35ms (Views: 23.7ms | ActiveRecord: 0.6ms | Allocations: 11834)


Started POST "/articles" for ::1 at 2022-04-29 15:03:58 +0300
Processing by ArticlesController#create as TURBO_STREAM
  Parameters: {"authenticity_token"=>"[FILTERED]", "article"=>{"title"=>"test", "body"=>"tetetetetetetetet"}, "commit"=>"Create Article"}
  [1m[36mTRANSACTION (0.1ms)[0m  [1m[36mbegin transaction[0m
  ↳ app/controllers/articles_controller.rb:17:in `create'
  [1m[36mArticle Create (0.8ms)[0m  [1m[32mINSERT INTO "articles" ("title", "body", "created_at", "updated_at") VALUES (?, ?, ?, ?)[0m  [["title", "test"], ["body", "tetetetetetetetet"], ["created_at", "2022-04-29 12:03:58.827056"], ["updated_at", "2022-04-29 12:03:58.827056"]]
  ↳ app/controllers/articles_controller.rb:17:in `create'
  [1m[36mTRANSACTION (0.6ms)[0m  [1m[36mcommit transaction[0m
  ↳ app/controllers/articles_controller.rb:17:in `create'
Redirected to http://localhost:3000/articles/1
Completed 302 Found in 7ms (ActiveRecord: 1.4ms | Allocations: 2873)


Started GET "/articles/1" for ::1 at 2022-04-29 15:03:58 +0300
Processing by ArticlesController#show as TURBO_STREAM
  Parameters: {"id"=>"1"}
  [1m[36mArticle Load (0.2ms)[0m  [1m[34mSELECT "articles".* FROM "articles" WHERE "articles"."id" = ? LIMIT ?[0m  [["id", 1], ["LIMIT", 1]]
  ↳ app/controllers/articles_controller.rb:7:in `show'
  Rendering layout layouts/application.html.erb
  Rendering articles/show.html.erb within layouts/application
  Rendered articles/show.html.erb within layouts/application (Duration: 0.5ms | Allocations: 160)
  Rendered layout layouts/application.html.erb (Duration: 3.7ms | Allocations: 2684)
Completed 200 OK in 13ms (Views: 4.2ms | ActiveRecord: 0.2ms | Allocations: 5122)


Started GET "/" for ::1 at 2022-04-29 15:04:00 +0300
Processing by ArticlesController#index as HTML
  Rendering layout layouts/application.html.erb
  Rendering articles/index.html.erb within layouts/application
  [1m[36mArticle Load (0.1ms)[0m  [1m[34mSELECT "articles".* FROM "articles"[0m
  ↳ app/views/articles/index.html.erb:4
  Rendered articles/index.html.erb within layouts/application (Duration: 1.3ms | Allocations: 605)
  Rendered layout layouts/application.html.erb (Duration: 4.9ms | Allocations: 3094)
Completed 200 OK in 6ms (Views: 5.4ms | ActiveRecord: 0.1ms | Allocations: 3362)


Started GET "/" for ::1 at 2022-04-29 15:05:15 +0300
Processing by ArticlesController#index as HTML
  Rendering layout layouts/application.html.erb
  Rendering articles/index.html.erb within layouts/application
  [1m[35m (0.1ms)[0m  [1m[34mSELECT sqlite_version(*)[0m
  ↳ app/views/articles/index.html.erb:4
  [1m[36mArticle Load (0.1ms)[0m  [1m[34mSELECT "articles".* FROM "articles"[0m
  ↳ app/views/articles/index.html.erb:4
  Rendered articles/index.html.erb within layouts/application (Duration: 6.9ms | Allocations: 2408)
  Rendered layout layouts/application.html.erb (Duration: 43.4ms | Allocations: 16661)
Completed 200 OK in 50ms (Views: 46.0ms | ActiveRecord: 1.7ms | Allocations: 17804)


Started GET "/articles/new" for ::1 at 2022-04-29 15:05:17 +0300
Processing by ArticlesController#new as HTML
  Rendering layout layouts/application.html.erb
  Rendering articles/new.html.erb within layouts/application
  Rendered articles/new.html.erb within layouts/application (Duration: 2.9ms | Allocations: 1096)
  Rendered layout layouts/application.html.erb (Duration: 6.2ms | Allocations: 3330)
Completed 200 OK in 8ms (Views: 6.6ms | ActiveRecord: 0.0ms | Allocations: 3597)


Started POST "/articles" for ::1 at 2022-04-29 15:05:21 +0300
Processing by ArticlesController#create as TURBO_STREAM
  Parameters: {"authenticity_token"=>"[FILTERED]", "article"=>{"title"=>"eererer", "body"=>"ererererer"}, "commit"=>"Create Article"}
  [1m[36mTRANSACTION (0.0ms)[0m  [1m[36mbegin transaction[0m
  ↳ app/controllers/articles_controller.rb:19:in `create'
  [1m[36mArticle Create (0.4ms)[0m  [1m[32mINSERT INTO "articles" ("title", "body", "created_at", "updated_at") VALUES (?, ?, ?, ?)[0m  [["title", "eererer"], ["body", "ererererer"], ["created_at", "2022-04-29 12:06:21.937454"], ["updated_at", "2022-04-29 12:06:21.937454"]]
  ↳ app/controllers/articles_controller.rb:19:in `create'
  [1m[36mTRANSACTION (0.6ms)[0m  [1m[36mcommit transaction[0m
  ↳ app/controllers/articles_controller.rb:19:in `create'
Redirected to http://localhost:3000/articles/2
Completed 302 Found in 60009ms (ActiveRecord: 1.1ms | Allocations: 8549)


Started GET "/articles/2" for ::1 at 2022-04-29 15:06:21 +0300
Processing by ArticlesController#show as TURBO_STREAM
  Parameters: {"id"=>"2"}
  [1m[36mArticle Load (0.2ms)[0m  [1m[34mSELECT "articles".* FROM "articles" WHERE "articles"."id" = ? LIMIT ?[0m  [["id", 2], ["LIMIT", 1]]
  ↳ app/controllers/articles_controller.rb:7:in `show'
  Rendering layout layouts/application.html.erb
  Rendering articles/show.html.erb within layouts/application
  Rendered articles/show.html.erb within layouts/application (Duration: 0.1ms | Allocations: 19)
  Rendered layout layouts/application.html.erb (Duration: 15.7ms | Allocations: 2499)
Completed 200 OK in 23ms (Views: 17.6ms | ActiveRecord: 0.2ms | Allocations: 3741)


source=rack-timeout id=1929d5ad-abe4-4c4b-88a8-919bfae70d65 timeout=15000ms state=ready
source=rack-timeout id=1929d5ad-abe4-4c4b-88a8-919bfae70d65 timeout=15000ms service=1ms state=active
Started POST "/articles" for ::1 at 2022-04-29 15:13:34 +0300
  [1m[35m (0.7ms)[0m  [1m[34mSELECT sqlite_version(*)[0m
  [1m[36mActiveRecord::SchemaMigration Pluck (0.1ms)[0m  [1m[34mSELECT "schema_migrations"."version" FROM "schema_migrations" ORDER BY "schema_migrations"."version" ASC[0m
Processing by ArticlesController#create as TURBO_STREAM
  Parameters: {"authenticity_token"=>"[FILTERED]", "article"=>{"title"=>"eererer", "body"=>"ererererer"}, "commit"=>"Create Article"}
source=rack-timeout id=1929d5ad-abe4-4c4b-88a8-919bfae70d65 timeout=15000ms service=1000ms state=active
source=rack-timeout id=1929d5ad-abe4-4c4b-88a8-919bfae70d65 timeout=15000ms service=2004ms state=active
source=rack-timeout id=1929d5ad-abe4-4c4b-88a8-919bfae70d65 timeout=15000ms service=3005ms state=active
source=rack-timeout id=1929d5ad-abe4-4c4b-88a8-919bfae70d65 timeout=15000ms service=4001ms state=active
source=rack-timeout id=1929d5ad-abe4-4c4b-88a8-919bfae70d65 timeout=15000ms service=5005ms state=active
source=rack-timeout id=1929d5ad-abe4-4c4b-88a8-919bfae70d65 timeout=15000ms service=6001ms state=active
source=rack-timeout id=1929d5ad-abe4-4c4b-88a8-919bfae70d65 timeout=15000ms service=7003ms state=active
source=rack-timeout id=1929d5ad-abe4-4c4b-88a8-919bfae70d65 timeout=15000ms service=8003ms state=active
source=rack-timeout id=1929d5ad-abe4-4c4b-88a8-919bfae70d65 timeout=15000ms service=9004ms state=active
source=rack-timeout id=1929d5ad-abe4-4c4b-88a8-919bfae70d65 timeout=15000ms service=10001ms state=active
source=rack-timeout id=1929d5ad-abe4-4c4b-88a8-919bfae70d65 timeout=15000ms service=11003ms state=active
source=rack-timeout id=1929d5ad-abe4-4c4b-88a8-919bfae70d65 timeout=15000ms service=12004ms state=active
source=rack-timeout id=1929d5ad-abe4-4c4b-88a8-919bfae70d65 timeout=15000ms service=13004ms state=active
source=rack-timeout id=1929d5ad-abe4-4c4b-88a8-919bfae70d65 timeout=15000ms service=14005ms state=active
source=rack-timeout id=1929d5ad-abe4-4c4b-88a8-919bfae70d65 timeout=15000ms service=15004ms state=active
source=rack-timeout id=1929d5ad-abe4-4c4b-88a8-919bfae70d65 timeout=15000ms service=15005ms state=timed_out
Completed 500 Internal Server Error in 14795ms (ActiveRecord: 0.5ms | Allocations: 8853)


  
Rack::Timeout::RequestTimeoutException (Request ran for longer than 15000ms ):
  
app/controllers/articles_controller.rb:17:in `sleep'
app/controllers/articles_controller.rb:17:in `create'
source=rack-timeout id=1929d5ad-abe4-4c4b-88a8-919bfae70d65 timeout=15000ms service=15148ms state=completed
source=rack-timeout id=f86253de-9289-46ee-a29d-5df7bd2ee20f timeout=15000ms state=ready
Started GET "/articles/new" for ::1 at 2022-04-29 15:35:21 +0300
source=rack-timeout id=f86253de-9289-46ee-a29d-5df7bd2ee20f timeout=15000ms service=1ms state=active
  [1m[35m (0.7ms)[0m  [1m[34mSELECT sqlite_version(*)[0m
  [1m[36mActiveRecord::SchemaMigration Pluck (0.1ms)[0m  [1m[34mSELECT "schema_migrations"."version" FROM "schema_migrations" ORDER BY "schema_migrations"."version" ASC[0m
Processing by ArticlesController#new as HTML
  Rendering layout layouts/application.html.erb
  Rendering articles/new.html.erb within layouts/application
  Rendered articles/new.html.erb within layouts/application (Duration: 11.6ms | Allocations: 3769)
  Rendered layout layouts/application.html.erb (Duration: 61.3ms | Allocations: 38766)
Completed 200 OK in 78ms (Views: 64.1ms | ActiveRecord: 0.5ms | Allocations: 48462)


source=rack-timeout id=f86253de-9289-46ee-a29d-5df7bd2ee20f timeout=15000ms service=199ms state=completed
source=rack-timeout id=408cc409-4f3d-418f-b305-b7bcfc811525 timeout=15000ms state=ready
source=rack-timeout id=408cc409-4f3d-418f-b305-b7bcfc811525 timeout=15000ms service=0ms state=active
source=rack-timeout id=408cc409-4f3d-418f-b305-b7bcfc811525 timeout=15000ms service=7ms state=completed
source=rack-timeout id=60ae5a1a-748c-4403-b914-92f3a66ff432 timeout=15000ms state=ready
source=rack-timeout id=60ae5a1a-748c-4403-b914-92f3a66ff432 timeout=15000ms service=0ms state=active
source=rack-timeout id=a859e4e5-fba3-4df1-a9a8-4d1e04569447 timeout=15000ms state=ready
source=rack-timeout id=a859e4e5-fba3-4df1-a9a8-4d1e04569447 timeout=15000ms service=1ms state=active
source=rack-timeout id=60ae5a1a-748c-4403-b914-92f3a66ff432 timeout=15000ms service=17ms state=completed
source=rack-timeout id=a859e4e5-fba3-4df1-a9a8-4d1e04569447 timeout=15000ms service=15ms state=completed
source=rack-timeout id=31f478c5-84f8-4085-8249-596213a19389 timeout=15000ms state=ready
Started GET "/articles/new" for ::1 at 2022-04-29 15:36:15 +0300
source=rack-timeout id=31f478c5-84f8-4085-8249-596213a19389 timeout=15000ms service=1ms state=active
Processing by ArticlesController#new as HTML
  [1m[35m (0.1ms)[0m  [1m[34mSELECT sqlite_version(*)[0m
  ↳ app/controllers/articles_controller.rb:11:in `new'
  Rendering layout layouts/application.html.erb
  Rendering articles/new.html.erb within layouts/application
  Rendered articles/new.html.erb within layouts/application (Duration: 1.7ms | Allocations: 1114)
  Rendered layout layouts/application.html.erb (Duration: 17.3ms | Allocations: 15031)
Completed 200 OK in 24ms (Views: 18.6ms | ActiveRecord: 0.7ms | Allocations: 17873)


source=rack-timeout id=31f478c5-84f8-4085-8249-596213a19389 timeout=15000ms service=82ms state=completed
source=rack-timeout id=ae3e6405-0960-4175-9aa6-3efb1ced0679 timeout=15000ms state=ready
source=rack-timeout id=ae3e6405-0960-4175-9aa6-3efb1ced0679 timeout=15000ms service=0ms state=active
source=rack-timeout id=ae3e6405-0960-4175-9aa6-3efb1ced0679 timeout=15000ms service=9ms state=completed
source=rack-timeout id=d9931bb6-5b64-4f8b-abcc-70a27e3f130e timeout=15000ms state=ready
source=rack-timeout id=d9931bb6-5b64-4f8b-abcc-70a27e3f130e timeout=15000ms service=0ms state=active
source=rack-timeout id=b9f375f8-658b-48f4-95cf-92ad6e9ae359 timeout=15000ms state=ready
source=rack-timeout id=b9f375f8-658b-48f4-95cf-92ad6e9ae359 timeout=15000ms service=0ms state=active
source=rack-timeout id=d9931bb6-5b64-4f8b-abcc-70a27e3f130e timeout=15000ms service=17ms state=completed
source=rack-timeout id=b9f375f8-658b-48f4-95cf-92ad6e9ae359 timeout=15000ms service=13ms state=completed
source=rack-timeout id=7ec8f980-5caf-4d73-8b37-d89cb132431d timeout=15000ms state=ready
source=rack-timeout id=7ec8f980-5caf-4d73-8b37-d89cb132431d timeout=15000ms service=0ms state=active
Started POST "/articles" for ::1 at 2022-04-29 15:36:18 +0300
Processing by ArticlesController#create as TURBO_STREAM
  Parameters: {"authenticity_token"=>"[FILTERED]", "article"=>{"title"=>"1212121", "body"=>"21212121"}, "commit"=>"Create Article"}
  Rendering layout layouts/application.html.erb
  Rendering articles/new.html.erb within layouts/application
  Rendered articles/new.html.erb within layouts/application (Duration: 2.7ms | Allocations: 1967)
  Rendered layout layouts/application.html.erb (Duration: 5.3ms | Allocations: 4209)
Completed 422 Unprocessable Entity in 7ms (Views: 5.7ms | ActiveRecord: 0.0ms | Allocations: 5492)


source=rack-timeout id=7ec8f980-5caf-4d73-8b37-d89cb132431d timeout=15000ms service=19ms state=completed
source=rack-timeout id=7515f8ba-012e-4c27-938a-dd40164525da timeout=15000ms state=ready
source=rack-timeout id=7515f8ba-012e-4c27-938a-dd40164525da timeout=15000ms service=0ms state=active
Started POST "/articles" for ::1 at 2022-04-29 15:36:21 +0300
Processing by ArticlesController#create as TURBO_STREAM
  Parameters: {"authenticity_token"=>"[FILTERED]", "article"=>{"title"=>"1212121", "body"=>"21212121222"}, "commit"=>"Create Article"}
  [1m[36mTRANSACTION (0.1ms)[0m  [1m[36mbegin transaction[0m
  ↳ app/controllers/articles_controller.rb:20:in `create'
  [1m[36mArticle Create (1.2ms)[0m  [1m[32mINSERT INTO "articles" ("title", "body", "created_at", "updated_at") VALUES (?, ?, ?, ?)[0m  [["title", "1212121"], ["body", "21212121222"], ["created_at", "2022-04-29 12:36:21.712199"], ["updated_at", "2022-04-29 12:36:21.712199"]]
  ↳ app/controllers/articles_controller.rb:20:in `create'
  [1m[36mTRANSACTION (1.1ms)[0m  [1m[36mcommit transaction[0m
  ↳ app/controllers/articles_controller.rb:20:in `create'
Redirected to http://localhost:3000/articles/3
Completed 302 Found in 7ms (ActiveRecord: 2.5ms | Allocations: 2827)


source=rack-timeout id=7515f8ba-012e-4c27-938a-dd40164525da timeout=15000ms service=12ms state=completed
source=rack-timeout id=d2c3f2e8-5b4a-4c02-b8ff-a696a1fd74d6 timeout=15000ms state=ready
source=rack-timeout id=d2c3f2e8-5b4a-4c02-b8ff-a696a1fd74d6 timeout=15000ms service=0ms state=active
Started GET "/articles/3" for ::1 at 2022-04-29 15:36:21 +0300
Processing by ArticlesController#show as TURBO_STREAM
  Parameters: {"id"=>"3"}
  [1m[36mArticle Load (0.2ms)[0m  [1m[34mSELECT "articles".* FROM "articles" WHERE "articles"."id" = ? LIMIT ?[0m  [["id", 3], ["LIMIT", 1]]
  ↳ app/controllers/articles_controller.rb:7:in `show'
  Rendering layout layouts/application.html.erb
  Rendering articles/show.html.erb within layouts/application
  Rendered articles/show.html.erb within layouts/application (Duration: 0.8ms | Allocations: 162)
  Rendered layout layouts/application.html.erb (Duration: 3.8ms | Allocations: 2648)
Completed 200 OK in 8ms (Views: 4.2ms | ActiveRecord: 0.2ms | Allocations: 5096)


source=rack-timeout id=d2c3f2e8-5b4a-4c02-b8ff-a696a1fd74d6 timeout=15000ms service=13ms state=completed
